<?xml version="1.0" encoding="UTF-8"?>
<testsuites name="SD_TestSuite_02" time="17" tests="1" failures="0" errors="0">
   <testsuite name="SD_TestSuite_02" tests="1" failures="0" errors="0" time="17" timestamp="2019-02-01 15:50:51" hostname="NewDesk - DESKTOP-AC5UCGN" id="Test Suites/SD_TestSuite_02">
      <properties>
         <property name="deviceName" value=""/>
         <property name="devicePlatform" value=""/>
         <property name="logFolder" value="C:\\Users\\sdese\\Katalon Studio\\API TEST Only1\\Reports\\SD_TestSuite_02\\20190201_155041"/>
         <property name="logFiles" value="C:\\Users\\sdese\\Katalon Studio\\API TEST Only1\\Reports\\SD_TestSuite_02\\20190201_155041\\execution0.log"/>
         <property name="attachments" value=""/>
         <property name="hostName" value="NewDesk - DESKTOP-AC5UCGN"/>
         <property name="hostAddress" value="192.168.1.245"/>
         <property name="os" value="Windows 10 64bit"/>
         <property name="katalonVersion" value="5.10.1.1"/>
      </properties>
      <testcase name="Test Cases/TestHttpMethods" classname="Test Cases/TestHttpMethods" status="PASSED">
         <system-out><![CDATA[2019-02-01 15:50:53 - [TEST_CASE][PASSED] - Test Cases/TestHttpMethods: Test Cases/TestHttpMethods

2019-02-01 15:50:54 - [TEST_STEP][PASSED] - sendRequestAndVerify(findTestObject("UserRestService/CreateUser")): Send request and verify the response successfully

2019-02-01 15:51:04 - [TEST_CASE][PASSED] - Start Test Case : Verification: Verification accomplished successfully

2019-02-01 15:51:05 - [TEST_STEP][PASSED] - request = getInstance().getCurrentRequest(): null

2019-02-01 15:51:05 - [TEST_STEP][PASSED] - response = getInstance().getCurrentResponse(): null

2019-02-01 15:51:05 - [TEST_STEP][PASSED] - verifyResponseStatusCode(response, 201): Verify response status code successfully

2019-02-01 15:51:05 - [MESSAGE][PASSED] - Verify response status code successfully

2019-02-01 15:51:05 - [TEST_STEP][PASSED] - getStatusCode()).isEqualTo(201): null

2019-02-01 15:51:06 - [MESSAGE][PASSED] - Verify response successfully

2019-02-01 15:51:06 - [MESSAGE][PASSED] - Send request and verify the response successfully

2019-02-01 15:51:06 - [TEST_STEP][PASSED] - sendRequestAndVerify(findTestObject("UserRestService/UpdateUser")): Send request and verify the response successfully

2019-02-01 15:51:07 - [TEST_CASE][PASSED] - Start Test Case : Verification: Verification accomplished successfully

2019-02-01 15:51:07 - [TEST_STEP][PASSED] - request = getInstance().getCurrentRequest(): null

2019-02-01 15:51:07 - [TEST_STEP][PASSED] - response = getInstance().getCurrentResponse(): null

2019-02-01 15:51:07 - [TEST_STEP][PASSED] - verifyResponseStatusCode(response, 200): Verify response status code successfully

2019-02-01 15:51:07 - [MESSAGE][PASSED] - Verify response status code successfully

2019-02-01 15:51:07 - [TEST_STEP][PASSED] - getStatusCode()).isEqualTo(200): null

2019-02-01 15:51:07 - [MESSAGE][PASSED] - Verify response successfully

2019-02-01 15:51:07 - [MESSAGE][PASSED] - Send request and verify the response successfully

2019-02-01 15:51:07 - [TEST_STEP][PASSED] - sendRequestAndVerify(findTestObject("UserRestService/ListUserRestAPI")): Send request and verify the response successfully

2019-02-01 15:51:07 - [TEST_CASE][PASSED] - Start Test Case : Verification: Verification accomplished successfully

2019-02-01 15:51:08 - [TEST_STEP][PASSED] - request = getInstance().getCurrentRequest(): null

2019-02-01 15:51:08 - [TEST_STEP][PASSED] - response = getInstance().getCurrentResponse(): null

2019-02-01 15:51:08 - [TEST_STEP][PASSED] - verifyResponseStatusCode(response, 200): Verify response status code successfully

2019-02-01 15:51:08 - [MESSAGE][PASSED] - Verify response status code successfully

2019-02-01 15:51:08 - [TEST_STEP][PASSED] - getStatusCode()).isEqualTo(200): null

2019-02-01 15:51:08 - [TEST_STEP][PASSED] - verifyElementPropertyValue(response, "data[1].first_name", "Charles"): Verify element property value successfully

2019-02-01 15:51:08 - [MESSAGE][PASSED] - Verify element property value successfully

2019-02-01 15:51:08 - [TEST_STEP][PASSED] - verifyElementPropertyValue(response, "data[2].last_name", "Ramos"): Verify element property value successfully

2019-02-01 15:51:08 - [MESSAGE][PASSED] - Verify element property value successfully

2019-02-01 15:51:08 - [MESSAGE][PASSED] - Verify response successfully

2019-02-01 15:51:08 - [MESSAGE][PASSED] - Send request and verify the response successfully

2019-02-01 15:51:08 - [TEST_STEP][PASSED] - sendRequestAndVerify(findTestObject("UserRestService/DeleteUser")): Send request and verify the response successfully

2019-02-01 15:51:08 - [TEST_CASE][PASSED] - Start Test Case : Verification: Verification accomplished successfully

2019-02-01 15:51:09 - [TEST_STEP][PASSED] - request = getInstance().getCurrentRequest(): null

2019-02-01 15:51:09 - [TEST_STEP][PASSED] - response = getInstance().getCurrentResponse(): null

2019-02-01 15:51:09 - [TEST_STEP][PASSED] - verifyResponseStatusCode(response, 204): Verify response status code successfully

2019-02-01 15:51:09 - [MESSAGE][PASSED] - Verify response status code successfully

2019-02-01 15:51:09 - [TEST_STEP][PASSED] - getStatusCode()).isEqualTo(204): null

2019-02-01 15:51:09 - [MESSAGE][PASSED] - Verify response successfully

2019-02-01 15:51:09 - [MESSAGE][PASSED] - Send request and verify the response successfully]]></system-out>
         <system-err><![CDATA[]]></system-err>
      </testcase>
      <system-out><![CDATA[2019-02-01 15:50:51 - [TEST_SUITE][PASSED] - SD_TestSuite_02: Test Cases/TestHttpMethods]]></system-out>
      <system-err><![CDATA[]]></system-err>
   </testsuite>
</testsuites>
